#
# There is insufficient memory for the Java Runtime Environment to continue.
# Native memory allocation (malloc) failed to allocate 514896 bytes. Error detail: Chunk::new
# Possible reasons:
#   The system is out of physical RAM or swap space
#   This process is running with CompressedOops enabled, and the Java Heap may be blocking the growth of the native heap
# Possible solutions:
#   Reduce memory load on the system
#   Increase physical memory or swap space
#   Check if swap backing store is full
#   Decrease Java heap size (-Xmx/-Xms)
#   Decrease number of Java threads
#   Decrease Java thread stack sizes (-Xss)
#   Set larger code cache with -XX:ReservedCodeCacheSize=
#   JVM is running with Unscaled Compressed Oops mode in which the Java heap is
#     placed in the first 4GB address space. The Java Heap base address is the
#     maximum limit for the native heap growth. Please use -XX:HeapBaseMinAddress
#     to set the Java Heap base and to place the Java Heap above 4GB virtual address.
# This output file may be truncated or incomplete.
#
#  Out of Memory Error (arena.cpp:168), pid=5920, tid=8868
#
# JRE version: OpenJDK Runtime Environment Temurin-21.0.7+6 (21.0.7+6) (build 21.0.7+6-LTS)
# Java VM: OpenJDK 64-Bit Server VM Temurin-21.0.7+6 (21.0.7+6-LTS, mixed mode, sharing, tiered, compressed oops, compressed class ptrs, parallel gc, windows-amd64)
# No core dump will be written. Minidumps are not enabled by default on client versions of Windows
#

---------------  S U M M A R Y ------------

Command Line: --add-modules=ALL-SYSTEM --add-opens=java.base/java.util=ALL-UNNAMED --add-opens=java.base/java.lang=ALL-UNNAMED --add-opens=java.base/sun.nio.fs=ALL-UNNAMED -Declipse.application=org.eclipse.jdt.ls.core.id1 -Dosgi.bundles.defaultStartLevel=4 -Declipse.product=org.eclipse.jdt.ls.core.product -Djava.import.generatesMetadataFilesAtProjectRoot=false -DDetectVMInstallationsJob.disabled=true -Dfile.encoding=utf8 -XX:+UseParallelGC -XX:GCTimeRatio=4 -XX:AdaptiveSizePolicyWeight=90 -Dsun.zip.disableMemoryMapping=true -Xmx2G -Xms100m -Xlog:disable -javaagent:c:\Users\PC\.vscode\extensions\redhat.java-1.43.1-win32-x64\lombok\lombok-1.18.39-4050.jar -XX:+HeapDumpOnOutOfMemoryError -XX:HeapDumpPath=c:\Users\PC\AppData\Roaming\Code\User\workspaceStorage\ac67a0d5f12a4040fcfea733fba4fe07\redhat.java -Daether.dependencyCollector.impl=bf c:\Users\PC\.vscode\extensions\redhat.java-1.43.1-win32-x64\server\plugins\org.eclipse.equinox.launcher_1.7.0.v20250519-0528.jar -configuration c:\Users\PC\AppData\Roaming\Code\User\globalStorage\redhat.java\1.43.1\config_win -data c:\Users\PC\AppData\Roaming\Code\User\workspaceStorage\ac67a0d5f12a4040fcfea733fba4fe07\redhat.java\jdt_ws --pipe=\\.\pipe\lsp-36eca96b5106c02cf3b2f2580bd779dd-sock

Host: Intel(R) Core(TM) i3-10110U CPU @ 2.10GHz, 4 cores, 7G,  Windows 11 , 64 bit Build 26100 (10.0.26100.4484)
Time: Sat Jul 12 23:25:00 2025 SE Asia Standard Time elapsed time: 17.999075 seconds (0d 0h 0m 17s)

---------------  T H R E A D  ---------------

Current thread (0x000001f92cda4330):  JavaThread "C2 CompilerThread0" daemon [_thread_in_native, id=8868, stack(0x0000000ab9800000,0x0000000ab9900000) (1024K)]


Current CompileTask:
C2:17999 6561 %     4       org.lombokweb.asm.SymbolTable::<init> @ 98 (554 bytes)

Stack: [0x0000000ab9800000,0x0000000ab9900000]
Native frames: (J=compiled Java code, j=interpreted, Vv=VM code, C=native code)
V  [jvm.dll+0x6ce119]
V  [jvm.dll+0x8a84a1]
V  [jvm.dll+0x8aa9ce]
V  [jvm.dll+0x8ab0b3]
V  [jvm.dll+0x27f8a6]
V  [jvm.dll+0xc507d]
V  [jvm.dll+0xc55b3]
V  [jvm.dll+0x3b68f2]
V  [jvm.dll+0x1dfe33]
V  [jvm.dll+0x247c42]
V  [jvm.dll+0x2470cf]
V  [jvm.dll+0x1c760e]
V  [jvm.dll+0x25695a]
V  [jvm.dll+0x254efa]
V  [jvm.dll+0x3f03f6]
V  [jvm.dll+0x851f6b]
V  [jvm.dll+0x6cc7dd]
C  [ucrtbase.dll+0x37b0]
C  [KERNEL32.DLL+0x2e8d7]
C  [ntdll.dll+0x3c34c]


---------------  P R O C E S S  ---------------

Threads class SMR info:
_java_thread_list=0x000001f9755bf270, length=37, elements={
0x000001f9163ab460, 0x000001f92cd87370, 0x000001f92cd8bd30, 0x000001f92cd8f150,
0x000001f92cd90150, 0x000001f92cd931b0, 0x000001f92cd97620, 0x000001f92cda4330,
0x000001f92cdd0c70, 0x000001f96eb03150, 0x000001f96ed3e870, 0x000001f96ed651b0,
0x000001f9736e2960, 0x000001f973659fb0, 0x000001f97365a610, 0x000001f973db9030,
0x000001f973c29080, 0x000001f96ee476d0, 0x000001f96ee49110, 0x000001f96ee47d60,
0x000001f96ee483f0, 0x000001f96ee49e30, 0x000001f96ee497a0, 0x000001f96ee48a80,
0x000001f96ee4ab50, 0x000001f9769add60, 0x000001f9769ac9b0, 0x000001f9769ae3f0,
0x000001f9769ac320, 0x000001f9769aaf70, 0x000001f9769aea80, 0x000001f9769ab600,
0x000001f9769af110, 0x000001f9769ad6d0, 0x000001f9769b2590, 0x000001f9769af7a0,
0x000001f9772de330
}

Java Threads: ( => current thread )
  0x000001f9163ab460 JavaThread "main"                              [_thread_blocked, id=5324, stack(0x0000000ab8e00000,0x0000000ab8f00000) (1024K)]
  0x000001f92cd87370 JavaThread "Reference Handler"          daemon [_thread_blocked, id=13060, stack(0x0000000ab9200000,0x0000000ab9300000) (1024K)]
  0x000001f92cd8bd30 JavaThread "Finalizer"                  daemon [_thread_blocked, id=1164, stack(0x0000000ab9300000,0x0000000ab9400000) (1024K)]
  0x000001f92cd8f150 JavaThread "Signal Dispatcher"          daemon [_thread_blocked, id=3100, stack(0x0000000ab9400000,0x0000000ab9500000) (1024K)]
  0x000001f92cd90150 JavaThread "Attach Listener"            daemon [_thread_blocked, id=10112, stack(0x0000000ab9500000,0x0000000ab9600000) (1024K)]
  0x000001f92cd931b0 JavaThread "Service Thread"             daemon [_thread_blocked, id=128, stack(0x0000000ab9600000,0x0000000ab9700000) (1024K)]
  0x000001f92cd97620 JavaThread "Monitor Deflation Thread"   daemon [_thread_blocked, id=10828, stack(0x0000000ab9700000,0x0000000ab9800000) (1024K)]
=>0x000001f92cda4330 JavaThread "C2 CompilerThread0"         daemon [_thread_in_native, id=8868, stack(0x0000000ab9800000,0x0000000ab9900000) (1024K)]
  0x000001f92cdd0c70 JavaThread "C1 CompilerThread0"         daemon [_thread_blocked, id=18464, stack(0x0000000ab9900000,0x0000000ab9a00000) (1024K)]
  0x000001f96eb03150 JavaThread "Common-Cleaner"             daemon [_thread_blocked, id=9228, stack(0x0000000ab9a00000,0x0000000ab9b00000) (1024K)]
  0x000001f96ed3e870 JavaThread "Notification Thread"        daemon [_thread_blocked, id=15200, stack(0x0000000ab9b00000,0x0000000ab9c00000) (1024K)]
  0x000001f96ed651b0 JavaThread "Active Thread: Equinox Container: ecf93258-f11f-4271-9cbd-bc8e4dfa8f31"        [_thread_blocked, id=2796, stack(0x0000000aba000000,0x0000000aba100000) (1024K)]
  0x000001f9736e2960 JavaThread "Refresh Thread: Equinox Container: ecf93258-f11f-4271-9cbd-bc8e4dfa8f31" daemon [_thread_blocked, id=18552, stack(0x0000000ab9c00000,0x0000000ab9d00000) (1024K)]
  0x000001f973659fb0 JavaThread "Framework Event Dispatcher: Equinox Container: ecf93258-f11f-4271-9cbd-bc8e4dfa8f31" daemon [_thread_blocked, id=14252, stack(0x0000000aba100000,0x0000000aba200000) (1024K)]
  0x000001f97365a610 JavaThread "Start Level: Equinox Container: ecf93258-f11f-4271-9cbd-bc8e4dfa8f31" daemon [_thread_blocked, id=20560, stack(0x0000000aba200000,0x0000000aba300000) (1024K)]
  0x000001f973db9030 JavaThread "Bundle File Closer"         daemon [_thread_blocked, id=15000, stack(0x0000000aba400000,0x0000000aba500000) (1024K)]
  0x000001f973c29080 JavaThread "SCR Component Actor"        daemon [_thread_blocked, id=8264, stack(0x0000000aba500000,0x0000000aba600000) (1024K)]
  0x000001f96ee476d0 JavaThread "Worker-JM"                         [_thread_blocked, id=13468, stack(0x0000000aba700000,0x0000000aba800000) (1024K)]
  0x000001f96ee49110 JavaThread "JNA Cleaner"                daemon [_thread_blocked, id=18836, stack(0x0000000aba600000,0x0000000aba700000) (1024K)]
  0x000001f96ee47d60 JavaThread "Worker-0"                          [_thread_blocked, id=4104, stack(0x0000000aba800000,0x0000000aba900000) (1024K)]
  0x000001f96ee483f0 JavaThread "Worker-1"                          [_thread_blocked, id=21256, stack(0x0000000aba900000,0x0000000abaa00000) (1024K)]
  0x000001f96ee49e30 JavaThread "Worker-2"                          [_thread_blocked, id=17092, stack(0x0000000abaa00000,0x0000000abab00000) (1024K)]
  0x000001f96ee497a0 JavaThread "Worker-3: Building"                [_thread_blocked, id=11888, stack(0x0000000abab00000,0x0000000abac00000) (1024K)]
  0x000001f96ee48a80 JavaThread "Java indexing"              daemon [_thread_in_Java, id=7512, stack(0x0000000abad00000,0x0000000abae00000) (1024K)]
  0x000001f96ee4ab50 JavaThread "Worker-4: Java indexing... "        [_thread_blocked, id=13304, stack(0x0000000abb000000,0x0000000abb100000) (1024K)]
  0x000001f9769add60 JavaThread "Worker-5"                          [_thread_blocked, id=5500, stack(0x0000000abb100000,0x0000000abb200000) (1024K)]
  0x000001f9769ac9b0 JavaThread "Thread-2"                   daemon [_thread_in_native, id=9420, stack(0x0000000abb200000,0x0000000abb300000) (1024K)]
  0x000001f9769ae3f0 JavaThread "Thread-3"                   daemon [_thread_in_native, id=11980, stack(0x0000000abb300000,0x0000000abb400000) (1024K)]
  0x000001f9769ac320 JavaThread "Thread-4"                   daemon [_thread_in_native, id=2316, stack(0x0000000abb400000,0x0000000abb500000) (1024K)]
  0x000001f9769aaf70 JavaThread "Thread-5"                   daemon [_thread_in_native, id=8404, stack(0x0000000abb500000,0x0000000abb600000) (1024K)]
  0x000001f9769aea80 JavaThread "Thread-6"                   daemon [_thread_in_native, id=10808, stack(0x0000000abb600000,0x0000000abb700000) (1024K)]
  0x000001f9769ab600 JavaThread "pool-2-thread-1"                   [_thread_blocked, id=17980, stack(0x0000000abb700000,0x0000000abb800000) (1024K)]
  0x000001f9769af110 JavaThread "WorkspaceEventsHandler"            [_thread_blocked, id=14076, stack(0x0000000abb800000,0x0000000abb900000) (1024K)]
  0x000001f9769ad6d0 JavaThread "pool-1-thread-1"                   [_thread_blocked, id=7980, stack(0x0000000abb900000,0x0000000abba00000) (1024K)]
  0x000001f9769b2590 JavaThread "Compiler Source File Reader" daemon [_thread_blocked, id=21396, stack(0x0000000aba300000,0x0000000aba400000) (1024K)]
  0x000001f9769af7a0 JavaThread "Compiler Source File Reader" daemon [_thread_blocked, id=6652, stack(0x0000000abac00000,0x0000000abad00000) (1024K)]
  0x000001f9772de330 JavaThread "C2 CompilerThread1"         daemon [_thread_blocked, id=20100, stack(0x0000000abba00000,0x0000000abbb00000) (1024K)]
Total: 37

Other Threads:
  0x000001f91646aed0 VMThread "VM Thread"                           [id=14768, stack(0x0000000ab9100000,0x0000000ab9200000) (1024K)] _threads_hazard_ptr=0x000001f9755bf270
  0x000001f92cd2ca00 WatcherThread "VM Periodic Task Thread"        [id=16268, stack(0x0000000ab9000000,0x0000000ab9100000) (1024K)]
  0x000001f9163caba0 WorkerThread "GC Thread#0"                     [id=9728, stack(0x0000000ab8f00000,0x0000000ab9000000) (1024K)]
  0x000001f97317a350 WorkerThread "GC Thread#1"                     [id=17156, stack(0x0000000ab9d00000,0x0000000ab9e00000) (1024K)]
  0x000001f973153bb0 WorkerThread "GC Thread#2"                     [id=5912, stack(0x0000000ab9e00000,0x0000000ab9f00000) (1024K)]
  0x000001f973153f50 WorkerThread "GC Thread#3"                     [id=296, stack(0x0000000ab9f00000,0x0000000aba000000) (1024K)]
Total: 6

Threads with active compile tasks:
C2 CompilerThread0  18027 6561 %     4       org.lombokweb.asm.SymbolTable::<init> @ 98 (554 bytes)
C2 CompilerThread1  18027 6600       4       java.util.regex.Matcher::search (154 bytes)
Total: 2

VM state: synchronizing (normal execution)

VM Mutex/Monitor currently owned by a thread:  ([mutex/lock_event])
[0x00007ff892c9e308] Threads_lock - owner thread: 0x000001f91646aed0
[0x00007ff892c9e408] Heap_lock - owner thread: 0x000001f96ee497a0

Heap address: 0x0000000080000000, size: 2048 MB, Compressed Oops mode: 32-bit

CDS archive(s) mapped at: [0x000001f92d000000-0x000001f92dba0000-0x000001f92dba0000), size 12189696, SharedBaseAddress: 0x000001f92d000000, ArchiveRelocationMode: 1.
Compressed class space mapped at: 0x000001f92e000000-0x000001f96e000000, reserved size: 1073741824
Narrow klass base: 0x000001f92d000000, Narrow klass shift: 0, Narrow klass range: 0x100000000

GC Precious Log:
 CardTable entry size: 512
 CPUs: 4 total, 4 available
 Memory: 8026M
 Large Page Support: Disabled
 NUMA Support: Disabled
 Compressed Oops: Enabled (32-bit)
 Alignments: Space 512K, Generation 512K, Heap 2M
 Heap Min Capacity: 100M
 Heap Initial Capacity: 100M
 Heap Max Capacity: 2G
 Pre-touch: Disabled
 Parallel Workers: 4

Heap:
 PSYoungGen      total 18944K, used 18880K [0x00000000d5580000, 0x00000000d6c00000, 0x0000000100000000)
  eden space 18432K, 100% used [0x00000000d5580000,0x00000000d6780000,0x00000000d6780000)
  from space 512K, 87% used [0x00000000d6b80000,0x00000000d6bf0000,0x00000000d6c00000)
  to   space 1024K, 0% used [0x00000000d6a00000,0x00000000d6a00000,0x00000000d6b00000)
 ParOldGen       total 68608K, used 27166K [0x0000000080000000, 0x0000000084300000, 0x00000000d5580000)
  object space 68608K, 39% used [0x0000000080000000,0x0000000081a87860,0x0000000084300000)
 Metaspace       used 50678K, committed 51776K, reserved 1114112K
  class space    used 5370K, committed 5888K, reserved 1048576K

Card table byte_map: [0x000001f915d50000,0x000001f916160000] _byte_map_base: 0x000001f915950000

Marking Bits: (ParMarkBitMap*) 0x00007ff892ca31f0
 Begin Bits: [0x000001f928850000, 0x000001f92a850000)
 End Bits:   [0x000001f92a850000, 0x000001f92c850000)

Polling page: 0x000001f914360000

Metaspace:

Usage:
  Non-class:     44.25 MB used.
      Class:      5.24 MB used.
       Both:     49.49 MB used.

Virtual space:
  Non-class space:       64.00 MB reserved,      44.81 MB ( 70%) committed,  1 nodes.
      Class space:        1.00 GB reserved,       5.75 MB ( <1%) committed,  1 nodes.
             Both:        1.06 GB reserved,      50.56 MB (  5%) committed. 

Chunk freelists:
   Non-Class:  2.75 MB
       Class:  10.22 MB
        Both:  12.97 MB

MaxMetaspaceSize: unlimited
CompressedClassSpaceSize: 1.00 GB
Initial GC threshold: 21.00 MB
Current GC threshold: 58.38 MB
CDS: on
 - commit_granule_bytes: 65536.
 - commit_granule_words: 8192.
 - virtual_space_node_default_size: 8388608.
 - enlarge_chunks_in_place: 1.
 - use_allocation_guard: 0.


Internal statistics:

num_allocs_failed_limit: 6.
num_arena_births: 814.
num_arena_deaths: 14.
num_vsnodes_births: 2.
num_vsnodes_deaths: 0.
num_space_committed: 809.
num_space_uncommitted: 0.
num_chunks_returned_to_freelist: 20.
num_chunks_taken_from_freelist: 2978.
num_chunk_merges: 10.
num_chunk_splits: 1922.
num_chunks_enlarged: 1225.
num_inconsistent_stats: 0.

CodeHeap 'non-profiled nmethods': size=120000Kb used=3556Kb max_used=3556Kb free=116443Kb
 bounds [0x000001f921070000, 0x000001f9213f0000, 0x000001f9285a0000]
CodeHeap 'profiled nmethods': size=120000Kb used=12804Kb max_used=12804Kb free=107195Kb
 bounds [0x000001f9195a0000, 0x000001f91a230000, 0x000001f920ad0000]
CodeHeap 'non-nmethods': size=5760Kb used=1392Kb max_used=1464Kb free=4367Kb
 bounds [0x000001f920ad0000, 0x000001f920d40000, 0x000001f921070000]
 total_blobs=6707 nmethods=6010 adapters=603
 compilation: enabled
              stopped_count=0, restarted_count=0
 full_count=0

Compilation events (20 events):
Event: 17.985 Thread 0x000001f92cdd0c70 6594       3       org.lombokweb.asm.MethodWriter::visitTypeInsn (116 bytes)
Event: 17.985 Thread 0x000001f92cdd0c70 nmethod 6594 0x000001f91a21cd90 code [0x000001f91a21cf80, 0x000001f91a21d3e8]
Event: 17.985 Thread 0x000001f92cdd0c70 6590       3       java.util.regex.Pattern$Prolog::match (11 bytes)
Event: 17.985 Thread 0x000001f92cdd0c70 nmethod 6590 0x000001f91a21d610 code [0x000001f91a21d7c0, 0x000001f91a21d920]
Event: 17.985 Thread 0x000001f92cdd0c70 6591       3       java.util.regex.Pattern$Loop::matchInit (156 bytes)
Event: 17.986 Thread 0x000001f92cdd0c70 nmethod 6591 0x000001f91a21da10 code [0x000001f91a21dc40, 0x000001f91a21e540]
Event: 17.986 Thread 0x000001f92cdd0c70 6592       3       java.util.regex.IntHashSet::<init> (42 bytes)
Event: 17.986 Thread 0x000001f92cdd0c70 nmethod 6592 0x000001f91a21e910 code [0x000001f91a21eae0, 0x000001f91a21ee20]
Event: 17.986 Thread 0x000001f92cdd0c70 6595       1       lombok.patcher.scripts.WrapReturnValuesScript::access$4 (5 bytes)
Event: 17.986 Thread 0x000001f92cdd0c70 nmethod 6595 0x000001f9213e7d10 code [0x000001f9213e7ea0, 0x000001f9213e7f50]
Event: 17.988 Thread 0x000001f9772de330 nmethod 6586 0x000001f9213e8010 code [0x000001f9213e81e0, 0x000001f9213e8788]
Event: 17.988 Thread 0x000001f9772de330 6587       4       org.lombokweb.asm.Label::resolve (259 bytes)
Event: 17.989 Thread 0x000001f92cdd0c70 6596       3       java.util.regex.IntHashSet::add (111 bytes)
Event: 17.990 Thread 0x000001f92cdd0c70 nmethod 6596 0x000001f91a21ef10 code [0x000001f91a21f0e0, 0x000001f91a21f448]
Event: 17.990 Thread 0x000001f92cdd0c70 6598       3       lombok.patcher.Hook::getMethodDescriptor (80 bytes)
Event: 17.991 Thread 0x000001f92cdd0c70 nmethod 6598 0x000001f91a21f690 code [0x000001f91a21f940, 0x000001f91a2203b8]
Event: 17.992 Thread 0x000001f92cdd0c70 6599       3       java.util.regex.Pattern$BmpCharPropertyGreedy::match (89 bytes)
Event: 17.992 Thread 0x000001f92cdd0c70 nmethod 6599 0x000001f91a220790 code [0x000001f91a220980, 0x000001f91a220fb0]
Event: 17.993 Thread 0x000001f9772de330 nmethod 6587 0x000001f9213e8a90 code [0x000001f9213e8c40, 0x000001f9213e9028]
Event: 17.993 Thread 0x000001f9772de330 6600       4       java.util.regex.Matcher::search (154 bytes)

GC Heap History (20 events):
Event: 13.045 GC heap before
{Heap before GC invocations=13 (full 1):
 PSYoungGen      total 24064K, used 23590K [0x00000000d5580000, 0x00000000d7180000, 0x0000000100000000)
  eden space 22528K, 100% used [0x00000000d5580000,0x00000000d6b80000,0x00000000d6b80000)
  from space 1536K, 69% used [0x00000000d6f00000,0x00000000d70099d0,0x00000000d7080000)
  to   space 1024K, 0% used [0x00000000d7080000,0x00000000d7080000,0x00000000d7180000)
 ParOldGen       total 68608K, used 15137K [0x0000000080000000, 0x0000000084300000, 0x00000000d5580000)
  object space 68608K, 22% used [0x0000000080000000,0x0000000080ec8498,0x0000000084300000)
 Metaspace       used 33201K, committed 34176K, reserved 1114112K
  class space    used 3343K, committed 3776K, reserved 1048576K
}
Event: 13.047 GC heap after
{Heap after GC invocations=13 (full 1):
 PSYoungGen      total 23040K, used 1022K [0x00000000d5580000, 0x00000000d7180000, 0x0000000100000000)
  eden space 22016K, 0% used [0x00000000d5580000,0x00000000d5580000,0x00000000d6b00000)
  from space 1024K, 99% used [0x00000000d7080000,0x00000000d717f8e0,0x00000000d7180000)
  to   space 2560K, 0% used [0x00000000d6c80000,0x00000000d6c80000,0x00000000d6f00000)
 ParOldGen       total 68608K, used 16153K [0x0000000080000000, 0x0000000084300000, 0x00000000d5580000)
  object space 68608K, 23% used [0x0000000080000000,0x0000000080fc6528,0x0000000084300000)
 Metaspace       used 33201K, committed 34176K, reserved 1114112K
  class space    used 3343K, committed 3776K, reserved 1048576K
}
Event: 13.327 GC heap before
{Heap before GC invocations=14 (full 1):
 PSYoungGen      total 23040K, used 16495K [0x00000000d5580000, 0x00000000d7180000, 0x0000000100000000)
  eden space 22016K, 70% used [0x00000000d5580000,0x00000000d649c6b0,0x00000000d6b00000)
  from space 1024K, 99% used [0x00000000d7080000,0x00000000d717f8e0,0x00000000d7180000)
  to   space 2560K, 0% used [0x00000000d6c80000,0x00000000d6c80000,0x00000000d6f00000)
 ParOldGen       total 68608K, used 16153K [0x0000000080000000, 0x0000000084300000, 0x00000000d5580000)
  object space 68608K, 23% used [0x0000000080000000,0x0000000080fc6528,0x0000000084300000)
 Metaspace       used 34851K, committed 35840K, reserved 1114112K
  class space    used 3539K, committed 3968K, reserved 1048576K
}
Event: 13.330 GC heap after
{Heap after GC invocations=14 (full 1):
 PSYoungGen      total 24576K, used 1293K [0x00000000d5580000, 0x00000000d7100000, 0x0000000100000000)
  eden space 22016K, 0% used [0x00000000d5580000,0x00000000d5580000,0x00000000d6b00000)
  from space 2560K, 50% used [0x00000000d6c80000,0x00000000d6dc34a8,0x00000000d6f00000)
  to   space 2048K, 0% used [0x00000000d6f00000,0x00000000d6f00000,0x00000000d7100000)
 ParOldGen       total 68608K, used 17085K [0x0000000080000000, 0x0000000084300000, 0x00000000d5580000)
  object space 68608K, 24% used [0x0000000080000000,0x00000000810af7d8,0x0000000084300000)
 Metaspace       used 34851K, committed 35840K, reserved 1114112K
  class space    used 3539K, committed 3968K, reserved 1048576K
}
Event: 13.330 GC heap before
{Heap before GC invocations=15 (full 2):
 PSYoungGen      total 24576K, used 1293K [0x00000000d5580000, 0x00000000d7100000, 0x0000000100000000)
  eden space 22016K, 0% used [0x00000000d5580000,0x00000000d5580000,0x00000000d6b00000)
  from space 2560K, 50% used [0x00000000d6c80000,0x00000000d6dc34a8,0x00000000d6f00000)
  to   space 2048K, 0% used [0x00000000d6f00000,0x00000000d6f00000,0x00000000d7100000)
 ParOldGen       total 68608K, used 17085K [0x0000000080000000, 0x0000000084300000, 0x00000000d5580000)
  object space 68608K, 24% used [0x0000000080000000,0x00000000810af7d8,0x0000000084300000)
 Metaspace       used 34851K, committed 35840K, reserved 1114112K
  class space    used 3539K, committed 3968K, reserved 1048576K
}
Event: 13.381 GC heap after
{Heap after GC invocations=15 (full 2):
 PSYoungGen      total 24576K, used 0K [0x00000000d5580000, 0x00000000d7100000, 0x0000000100000000)
  eden space 22016K, 0% used [0x00000000d5580000,0x00000000d5580000,0x00000000d6b00000)
  from space 2560K, 0% used [0x00000000d6c80000,0x00000000d6c80000,0x00000000d6f00000)
  to   space 2048K, 0% used [0x00000000d6f00000,0x00000000d6f00000,0x00000000d7100000)
 ParOldGen       total 68608K, used 17737K [0x0000000080000000, 0x0000000084300000, 0x00000000d5580000)
  object space 68608K, 25% used [0x0000000080000000,0x0000000081152458,0x0000000084300000)
 Metaspace       used 34851K, committed 35840K, reserved 1114112K
  class space    used 3539K, committed 3968K, reserved 1048576K
}
Event: 13.868 GC heap before
{Heap before GC invocations=16 (full 2):
 PSYoungGen      total 24576K, used 22013K [0x00000000d5580000, 0x00000000d7100000, 0x0000000100000000)
  eden space 22016K, 99% used [0x00000000d5580000,0x00000000d6aff5d0,0x00000000d6b00000)
  from space 2560K, 0% used [0x00000000d6c80000,0x00000000d6c80000,0x00000000d6f00000)
  to   space 2048K, 0% used [0x00000000d6f00000,0x00000000d6f00000,0x00000000d7100000)
 ParOldGen       total 68608K, used 17737K [0x0000000080000000, 0x0000000084300000, 0x00000000d5580000)
  object space 68608K, 25% used [0x0000000080000000,0x0000000081152458,0x0000000084300000)
 Metaspace       used 37453K, committed 38528K, reserved 1114112K
  class space    used 3873K, committed 4352K, reserved 1048576K
}
Event: 13.870 GC heap after
{Heap after GC invocations=16 (full 2):
 PSYoungGen      total 24064K, used 1664K [0x00000000d5580000, 0x00000000d7100000, 0x0000000100000000)
  eden space 22016K, 0% used [0x00000000d5580000,0x00000000d5580000,0x00000000d6b00000)
  from space 2048K, 81% used [0x00000000d6f00000,0x00000000d70a0000,0x00000000d7100000)
  to   space 2048K, 0% used [0x00000000d6d00000,0x00000000d6d00000,0x00000000d6f00000)
 ParOldGen       total 68608K, used 17745K [0x0000000080000000, 0x0000000084300000, 0x00000000d5580000)
  object space 68608K, 25% used [0x0000000080000000,0x0000000081154458,0x0000000084300000)
 Metaspace       used 37453K, committed 38528K, reserved 1114112K
  class space    used 3873K, committed 4352K, reserved 1048576K
}
Event: 14.556 GC heap before
{Heap before GC invocations=17 (full 2):
 PSYoungGen      total 24064K, used 23680K [0x00000000d5580000, 0x00000000d7100000, 0x0000000100000000)
  eden space 22016K, 100% used [0x00000000d5580000,0x00000000d6b00000,0x00000000d6b00000)
  from space 2048K, 81% used [0x00000000d6f00000,0x00000000d70a0000,0x00000000d7100000)
  to   space 2048K, 0% used [0x00000000d6d00000,0x00000000d6d00000,0x00000000d6f00000)
 ParOldGen       total 68608K, used 17745K [0x0000000080000000, 0x0000000084300000, 0x00000000d5580000)
  object space 68608K, 25% used [0x0000000080000000,0x0000000081154458,0x0000000084300000)
 Metaspace       used 40005K, committed 41088K, reserved 1114112K
  class space    used 4186K, committed 4672K, reserved 1048576K
}
Event: 14.564 GC heap after
{Heap after GC invocations=17 (full 2):
 PSYoungGen      total 23552K, used 1376K [0x00000000d5580000, 0x00000000d6f80000, 0x0000000100000000)
  eden space 22016K, 0% used [0x00000000d5580000,0x00000000d5580000,0x00000000d6b00000)
  from space 1536K, 89% used [0x00000000d6d00000,0x00000000d6e58000,0x00000000d6e80000)
  to   space 1024K, 0% used [0x00000000d6e80000,0x00000000d6e80000,0x00000000d6f80000)
 ParOldGen       total 68608K, used 19281K [0x0000000080000000, 0x0000000084300000, 0x00000000d5580000)
  object space 68608K, 28% used [0x0000000080000000,0x00000000812d4468,0x0000000084300000)
 Metaspace       used 40005K, committed 41088K, reserved 1114112K
  class space    used 4186K, committed 4672K, reserved 1048576K
}
Event: 15.354 GC heap before
{Heap before GC invocations=18 (full 2):
 PSYoungGen      total 23552K, used 23392K [0x00000000d5580000, 0x00000000d6f80000, 0x0000000100000000)
  eden space 22016K, 100% used [0x00000000d5580000,0x00000000d6b00000,0x00000000d6b00000)
  from space 1536K, 89% used [0x00000000d6d00000,0x00000000d6e58000,0x00000000d6e80000)
  to   space 1024K, 0% used [0x00000000d6e80000,0x00000000d6e80000,0x00000000d6f80000)
 ParOldGen       total 68608K, used 19281K [0x0000000080000000, 0x0000000084300000, 0x00000000d5580000)
  object space 68608K, 28% used [0x0000000080000000,0x00000000812d4468,0x0000000084300000)
 Metaspace       used 42742K, committed 43840K, reserved 1114112K
  class space    used 4534K, committed 4992K, reserved 1048576K
}
Event: 15.360 GC heap after
{Heap after GC invocations=18 (full 2):
 PSYoungGen      total 23040K, used 1024K [0x00000000d5580000, 0x00000000d7100000, 0x0000000100000000)
  eden space 22016K, 0% used [0x00000000d5580000,0x00000000d5580000,0x00000000d6b00000)
  from space 1024K, 100% used [0x00000000d6e80000,0x00000000d6f80000,0x00000000d6f80000)
  to   space 3072K, 0% used [0x00000000d6b00000,0x00000000d6b00000,0x00000000d6e00000)
 ParOldGen       total 68608K, used 20768K [0x0000000080000000, 0x0000000084300000, 0x00000000d5580000)
  object space 68608K, 30% used [0x0000000080000000,0x0000000081448178,0x0000000084300000)
 Metaspace       used 42742K, committed 43840K, reserved 1114112K
  class space    used 4534K, committed 4992K, reserved 1048576K
}
Event: 16.345 GC heap before
{Heap before GC invocations=19 (full 2):
 PSYoungGen      total 23040K, used 23025K [0x00000000d5580000, 0x00000000d7100000, 0x0000000100000000)
  eden space 22016K, 99% used [0x00000000d5580000,0x00000000d6afc670,0x00000000d6b00000)
  from space 1024K, 100% used [0x00000000d6e80000,0x00000000d6f80000,0x00000000d6f80000)
  to   space 3072K, 0% used [0x00000000d6b00000,0x00000000d6b00000,0x00000000d6e00000)
 ParOldGen       total 68608K, used 20768K [0x0000000080000000, 0x0000000084300000, 0x00000000d5580000)
  object space 68608K, 30% used [0x0000000080000000,0x0000000081448178,0x0000000084300000)
 Metaspace       used 45144K, committed 46272K, reserved 1114112K
  class space    used 4800K, committed 5312K, reserved 1048576K
}
Event: 16.350 GC heap after
{Heap after GC invocations=19 (full 2):
 PSYoungGen      total 24064K, used 1885K [0x00000000d5580000, 0x00000000d7000000, 0x0000000100000000)
  eden space 22016K, 0% used [0x00000000d5580000,0x00000000d5580000,0x00000000d6b00000)
  from space 2048K, 92% used [0x00000000d6b00000,0x00000000d6cd7520,0x00000000d6d00000)
  to   space 2560K, 0% used [0x00000000d6d80000,0x00000000d6d80000,0x00000000d7000000)
 ParOldGen       total 68608K, used 21764K [0x0000000080000000, 0x0000000084300000, 0x00000000d5580000)
  object space 68608K, 31% used [0x0000000080000000,0x0000000081541188,0x0000000084300000)
 Metaspace       used 45144K, committed 46272K, reserved 1114112K
  class space    used 4800K, committed 5312K, reserved 1048576K
}
Event: 17.003 GC heap before
{Heap before GC invocations=20 (full 2):
 PSYoungGen      total 24064K, used 23875K [0x00000000d5580000, 0x00000000d7000000, 0x0000000100000000)
  eden space 22016K, 99% used [0x00000000d5580000,0x00000000d6af96e8,0x00000000d6b00000)
  from space 2048K, 92% used [0x00000000d6b00000,0x00000000d6cd7520,0x00000000d6d00000)
  to   space 2560K, 0% used [0x00000000d6d80000,0x00000000d6d80000,0x00000000d7000000)
 ParOldGen       total 68608K, used 21764K [0x0000000080000000, 0x0000000084300000, 0x00000000d5580000)
  object space 68608K, 31% used [0x0000000080000000,0x0000000081541188,0x0000000084300000)
 Metaspace       used 47569K, committed 48640K, reserved 1114112K
  class space    used 5043K, committed 5504K, reserved 1048576K
}
Event: 17.007 GC heap after
{Heap after GC invocations=20 (full 2):
 PSYoungGen      total 20992K, used 2546K [0x00000000d5580000, 0x00000000d7700000, 0x0000000100000000)
  eden space 18432K, 0% used [0x00000000d5580000,0x00000000d5580000,0x00000000d6780000)
  from space 2560K, 99% used [0x00000000d6d80000,0x00000000d6ffc908,0x00000000d7000000)
  to   space 6144K, 0% used [0x00000000d6780000,0x00000000d6780000,0x00000000d6d80000)
 ParOldGen       total 68608K, used 24382K [0x0000000080000000, 0x0000000084300000, 0x00000000d5580000)
  object space 68608K, 35% used [0x0000000080000000,0x00000000817cfb68,0x0000000084300000)
 Metaspace       used 47569K, committed 48640K, reserved 1114112K
  class space    used 5043K, committed 5504K, reserved 1048576K
}
Event: 17.375 GC heap before
{Heap before GC invocations=21 (full 2):
 PSYoungGen      total 20992K, used 20978K [0x00000000d5580000, 0x00000000d7700000, 0x0000000100000000)
  eden space 18432K, 100% used [0x00000000d5580000,0x00000000d6780000,0x00000000d6780000)
  from space 2560K, 99% used [0x00000000d6d80000,0x00000000d6ffc908,0x00000000d7000000)
  to   space 6144K, 0% used [0x00000000d6780000,0x00000000d6780000,0x00000000d6d80000)
 ParOldGen       total 68608K, used 24382K [0x0000000080000000, 0x0000000084300000, 0x00000000d5580000)
  object space 68608K, 35% used [0x0000000080000000,0x00000000817cfb68,0x0000000084300000)
 Metaspace       used 48894K, committed 49984K, reserved 1114112K
  class space    used 5215K, committed 5696K, reserved 1048576K
}
Event: 17.379 GC heap after
{Heap after GC invocations=21 (full 2):
 PSYoungGen      total 18944K, used 491K [0x00000000d5580000, 0x00000000d6e00000, 0x0000000100000000)
  eden space 18432K, 0% used [0x00000000d5580000,0x00000000d5580000,0x00000000d6780000)
  from space 512K, 96% used [0x00000000d6780000,0x00000000d67faee8,0x00000000d6800000)
  to   space 2560K, 0% used [0x00000000d6b80000,0x00000000d6b80000,0x00000000d6e00000)
 ParOldGen       total 68608K, used 26814K [0x0000000080000000, 0x0000000084300000, 0x00000000d5580000)
  object space 68608K, 39% used [0x0000000080000000,0x0000000081a2f850,0x0000000084300000)
 Metaspace       used 48894K, committed 49984K, reserved 1114112K
  class space    used 5215K, committed 5696K, reserved 1048576K
}
Event: 17.786 GC heap before
{Heap before GC invocations=22 (full 2):
 PSYoungGen      total 18944K, used 18923K [0x00000000d5580000, 0x00000000d6e00000, 0x0000000100000000)
  eden space 18432K, 100% used [0x00000000d5580000,0x00000000d6780000,0x00000000d6780000)
  from space 512K, 96% used [0x00000000d6780000,0x00000000d67faee8,0x00000000d6800000)
  to   space 2560K, 0% used [0x00000000d6b80000,0x00000000d6b80000,0x00000000d6e00000)
 ParOldGen       total 68608K, used 26814K [0x0000000080000000, 0x0000000084300000, 0x00000000d5580000)
  object space 68608K, 39% used [0x0000000080000000,0x0000000081a2f850,0x0000000084300000)
 Metaspace       used 50115K, committed 51264K, reserved 1114112K
  class space    used 5329K, committed 5824K, reserved 1048576K
}
Event: 17.788 GC heap after
{Heap after GC invocations=22 (full 2):
 PSYoungGen      total 18944K, used 448K [0x00000000d5580000, 0x00000000d6c00000, 0x0000000100000000)
  eden space 18432K, 0% used [0x00000000d5580000,0x00000000d5580000,0x00000000d6780000)
  from space 512K, 87% used [0x00000000d6b80000,0x00000000d6bf0000,0x00000000d6c00000)
  to   space 1024K, 0% used [0x00000000d6a00000,0x00000000d6a00000,0x00000000d6b00000)
 ParOldGen       total 68608K, used 27166K [0x0000000080000000, 0x0000000084300000, 0x00000000d5580000)
  object space 68608K, 39% used [0x0000000080000000,0x0000000081a87860,0x0000000084300000)
 Metaspace       used 50115K, committed 51264K, reserved 1114112K
  class space    used 5329K, committed 5824K, reserved 1048576K
}

Dll operation events (10 events):
Event: 0.014 Loaded shared library c:\Users\PC\.vscode\extensions\redhat.java-1.43.1-win32-x64\jre\21.0.7-win32-x86_64\bin\java.dll
Event: 0.178 Loaded shared library c:\Users\PC\.vscode\extensions\redhat.java-1.43.1-win32-x64\jre\21.0.7-win32-x86_64\bin\zip.dll
Event: 0.208 Loaded shared library C:\Users\PC\.vscode\extensions\redhat.java-1.43.1-win32-x64\jre\21.0.7-win32-x86_64\bin\instrument.dll
Event: 0.249 Loaded shared library C:\Users\PC\.vscode\extensions\redhat.java-1.43.1-win32-x64\jre\21.0.7-win32-x86_64\bin\net.dll
Event: 0.257 Loaded shared library C:\Users\PC\.vscode\extensions\redhat.java-1.43.1-win32-x64\jre\21.0.7-win32-x86_64\bin\nio.dll
Event: 0.261 Loaded shared library C:\Users\PC\.vscode\extensions\redhat.java-1.43.1-win32-x64\jre\21.0.7-win32-x86_64\bin\zip.dll
Event: 0.427 Loaded shared library C:\Users\PC\.vscode\extensions\redhat.java-1.43.1-win32-x64\jre\21.0.7-win32-x86_64\bin\jimage.dll
Event: 0.687 Loaded shared library c:\Users\PC\.vscode\extensions\redhat.java-1.43.1-win32-x64\jre\21.0.7-win32-x86_64\bin\verify.dll
Event: 3.729 Loaded shared library C:\Users\PC\AppData\Roaming\Code\User\globalStorage\redhat.java\1.43.1\config_win\org.eclipse.equinox.launcher\org.eclipse.equinox.launcher.win32.win32.x86_64_1.2.1300.v20250331-1702\eclipse_11911.dll
Event: 7.948 Loaded shared library C:\Users\PC\AppData\Local\Temp\jna-2547\jna9885737578421915800.dll

Deoptimization events (20 events):
Event: 17.946 Thread 0x000001f96ee497a0 DEOPT PACKING pc=0x000001f919da3eb3 sp=0x0000000ababfa530
Event: 17.946 Thread 0x000001f96ee497a0 DEOPT UNPACKING pc=0x000001f920b24242 sp=0x0000000ababf9a60 mode 0
Event: 17.964 Thread 0x000001f96ee48a80 DEOPT PACKING pc=0x000001f91a1bcb3f sp=0x0000000abadfede0
Event: 17.964 Thread 0x000001f96ee48a80 DEOPT UNPACKING pc=0x000001f920b24242 sp=0x0000000abadfe210 mode 0
Event: 17.981 Thread 0x000001f96ee497a0 Uncommon trap: trap_request=0xffffffde fr.pc=0x000001f921248d60 relative=0x0000000000006980
Event: 17.981 Thread 0x000001f96ee497a0 Uncommon trap: reason=class_check action=maybe_recompile pc=0x000001f921248d60 method=lombok.patcher.PatchScript$MethodPatcher.visitMethod(ILjava/lang/String;Ljava/lang/String;Ljava/lang/String;[Ljava/lang/String;)Lorg/lombokweb/asm/MethodVisitor; @ 101 c
Event: 17.981 Thread 0x000001f96ee497a0 DEOPT PACKING pc=0x000001f921248d60 sp=0x0000000ababfa410
Event: 17.981 Thread 0x000001f96ee497a0 DEOPT UNPACKING pc=0x000001f920b23aa2 sp=0x0000000ababfa378 mode 2
Event: 17.981 Thread 0x000001f96ee497a0 Uncommon trap: trap_request=0xffffffde fr.pc=0x000001f921248d60 relative=0x0000000000006980
Event: 17.981 Thread 0x000001f96ee497a0 Uncommon trap: reason=class_check action=maybe_recompile pc=0x000001f921248d60 method=lombok.patcher.PatchScript$MethodPatcher.visitMethod(ILjava/lang/String;Ljava/lang/String;Ljava/lang/String;[Ljava/lang/String;)Lorg/lombokweb/asm/MethodVisitor; @ 101 c
Event: 17.981 Thread 0x000001f96ee497a0 DEOPT PACKING pc=0x000001f921248d60 sp=0x0000000ababfa410
Event: 17.981 Thread 0x000001f96ee497a0 DEOPT UNPACKING pc=0x000001f920b23aa2 sp=0x0000000ababfa378 mode 2
Event: 17.981 Thread 0x000001f96ee497a0 Uncommon trap: trap_request=0xffffffde fr.pc=0x000001f921248d60 relative=0x0000000000006980
Event: 17.981 Thread 0x000001f96ee497a0 Uncommon trap: reason=class_check action=maybe_recompile pc=0x000001f921248d60 method=lombok.patcher.PatchScript$MethodPatcher.visitMethod(ILjava/lang/String;Ljava/lang/String;Ljava/lang/String;[Ljava/lang/String;)Lorg/lombokweb/asm/MethodVisitor; @ 101 c
Event: 17.981 Thread 0x000001f96ee497a0 DEOPT PACKING pc=0x000001f921248d60 sp=0x0000000ababfa410
Event: 17.981 Thread 0x000001f96ee497a0 DEOPT UNPACKING pc=0x000001f920b23aa2 sp=0x0000000ababfa378 mode 2
Event: 17.981 Thread 0x000001f96ee497a0 Uncommon trap: trap_request=0xffffffde fr.pc=0x000001f921248d60 relative=0x0000000000006980
Event: 17.981 Thread 0x000001f96ee497a0 Uncommon trap: reason=class_check action=maybe_recompile pc=0x000001f921248d60 method=lombok.patcher.PatchScript$MethodPatcher.visitMethod(ILjava/lang/String;Ljava/lang/String;Ljava/lang/String;[Ljava/lang/String;)Lorg/lombokweb/asm/MethodVisitor; @ 101 c
Event: 17.981 Thread 0x000001f96ee497a0 DEOPT PACKING pc=0x000001f921248d60 sp=0x0000000ababfa410
Event: 17.981 Thread 0x000001f96ee497a0 DEOPT UNPACKING pc=0x000001f920b23aa2 sp=0x0000000ababfa378 mode 2

Classes loaded (20 events):
Event: 16.048 Loading class java/util/WeakHashMap$KeyIterator
Event: 16.048 Loading class java/util/WeakHashMap$KeyIterator done
Event: 16.295 Loading class sun/nio/fs/WindowsFileCopy
Event: 16.295 Loading class sun/nio/fs/WindowsFileCopy done
Event: 16.378 Loading class java/util/concurrent/CompletableFuture$AltResult
Event: 16.378 Loading class java/util/concurrent/CompletableFuture$AltResult done
Event: 16.378 Loading class java/util/concurrent/CompletableFuture$Completion
Event: 16.378 Loading class java/util/concurrent/CompletableFuture$AsynchronousCompletionTask
Event: 16.378 Loading class java/util/concurrent/CompletableFuture$AsynchronousCompletionTask done
Event: 16.378 Loading class java/util/concurrent/CompletableFuture$Completion done
Event: 16.381 Loading class sun/nio/ch/WindowsAsynchronousFileChannelImpl$WriteTask
Event: 16.382 Loading class sun/nio/ch/WindowsAsynchronousFileChannelImpl$WriteTask done
Event: 16.419 Loading class jdk/internal/math/FormattedFPDecimal
Event: 16.419 Loading class jdk/internal/math/FormattedFPDecimal done
Event: 17.047 Loading class java/lang/Runtime$VersionPattern
Event: 17.047 Loading class java/lang/Runtime$VersionPattern done
Event: 17.303 Loading class java/util/Vector$1
Event: 17.303 Loading class java/util/Vector$1 done
Event: 17.705 Loading class java/util/regex/Pattern$Caret
Event: 17.705 Loading class java/util/regex/Pattern$Caret done

Classes unloaded (7 events):
Event: 8.977 Thread 0x000001f91646aed0 Unloading class 0x000001f92e1a4800 'java/lang/invoke/LambdaForm$MH+0x000001f92e1a4800'
Event: 8.977 Thread 0x000001f91646aed0 Unloading class 0x000001f92e1a4400 'java/lang/invoke/LambdaForm$MH+0x000001f92e1a4400'
Event: 8.977 Thread 0x000001f91646aed0 Unloading class 0x000001f92e1a4000 'java/lang/invoke/LambdaForm$MH+0x000001f92e1a4000'
Event: 8.977 Thread 0x000001f91646aed0 Unloading class 0x000001f92e1a3c00 'java/lang/invoke/LambdaForm$MH+0x000001f92e1a3c00'
Event: 8.977 Thread 0x000001f91646aed0 Unloading class 0x000001f92e1a3800 'java/lang/invoke/LambdaForm$BMH+0x000001f92e1a3800'
Event: 8.977 Thread 0x000001f91646aed0 Unloading class 0x000001f92e1a3400 'java/lang/invoke/LambdaForm$DMH+0x000001f92e1a3400'
Event: 8.977 Thread 0x000001f91646aed0 Unloading class 0x000001f92e1a2000 'java/lang/invoke/LambdaForm$DMH+0x000001f92e1a2000'

Classes redefined (0 events):
No events

Internal exceptions (20 events):
Event: 15.831 Thread 0x000001f96ee49e30 Exception <a 'java/lang/NoSuchMethodError'{0x00000000d5f22a78}: 'void java.lang.invoke.DirectMethodHandle$Holder.invokeVirtual(java.lang.Object, java.lang.Object, java.lang.Object, java.lang.Object)'> (0x00000000d5f22a78) 
thrown [s\src\hotspot\share\interpreter\linkResolver.cpp, line 773]
Event: 15.877 Thread 0x000001f96ee49e30 Exception <a 'java/io/FileNotFoundException'{0x00000000d5fa6b08}> (0x00000000d5fa6b08) 
thrown [s\src\hotspot\share\prims\jni.cpp, line 520]
Event: 15.894 Thread 0x000001f96ee49e30 Exception <a 'sun/nio/fs/WindowsException'{0x00000000d5fd5640}> (0x00000000d5fd5640) 
thrown [s\src\hotspot\share\prims\jni.cpp, line 520]
Event: 16.051 Thread 0x000001f96ee49e30 Exception <a 'java/io/FileNotFoundException'{0x00000000d63e0bb8}> (0x00000000d63e0bb8) 
thrown [s\src\hotspot\share\prims\jni.cpp, line 520]
Event: 16.051 Thread 0x000001f96ee49e30 Exception <a 'java/io/FileNotFoundException'{0x00000000d63e1ba0}> (0x00000000d63e1ba0) 
thrown [s\src\hotspot\share\prims\jni.cpp, line 520]
Event: 16.052 Thread 0x000001f96ee49e30 Exception <a 'java/io/FileNotFoundException'{0x00000000d63e28e0}> (0x00000000d63e28e0) 
thrown [s\src\hotspot\share\prims\jni.cpp, line 520]
Event: 16.155 Thread 0x000001f96ee49e30 Exception <a 'java/io/FileNotFoundException'{0x00000000d6763ce0}> (0x00000000d6763ce0) 
thrown [s\src\hotspot\share\prims\jni.cpp, line 520]
Event: 16.155 Thread 0x000001f96ee49e30 Exception <a 'java/io/FileNotFoundException'{0x00000000d6764f30}> (0x00000000d6764f30) 
thrown [s\src\hotspot\share\prims\jni.cpp, line 520]
Event: 16.156 Thread 0x000001f96ee49e30 Exception <a 'java/lang/NoSuchMethodError'{0x00000000d67731d8}: 'java.lang.Object java.lang.invoke.DirectMethodHandle$Holder.newInvokeSpecial(java.lang.Object, java.lang.Object, java.lang.Object, int)'> (0x00000000d67731d8) 
thrown [s\src\hotspot\share\interpreter\linkResolver.cpp, line 773]
Event: 16.156 Thread 0x000001f96ee49e30 Exception <a 'java/lang/NoSuchMethodError'{0x00000000d6777050}: 'java.lang.Object java.lang.invoke.DirectMethodHandle$Holder.invokeSpecial(java.lang.Object, java.lang.Object, java.lang.Object, java.lang.Object, int)'> (0x00000000d6777050) 
thrown [s\src\hotspot\share\interpreter\linkResolver.cpp, line 773]
Event: 16.157 Thread 0x000001f96ee49e30 Exception <a 'java/lang/NoSuchMethodError'{0x00000000d677a800}: 'java.lang.Object java.lang.invoke.Invokers$Holder.linkToTargetMethod(java.lang.Object, java.lang.Object, int, java.lang.Object)'> (0x00000000d677a800) 
thrown [s\src\hotspot\share\interpreter\linkResolver.cpp, line 773]
Event: 16.282 Thread 0x000001f9769ad6d0 Exception <a 'java/io/FileNotFoundException'{0x00000000d6819550}> (0x00000000d6819550) 
thrown [s\src\hotspot\share\prims\jni.cpp, line 520]
Event: 16.295 Thread 0x000001f96ee48a80 Exception <a 'sun/nio/fs/WindowsException'{0x00000000d68f7df0}> (0x00000000d68f7df0) 
thrown [s\src\hotspot\share\prims\jni.cpp, line 520]
Event: 16.403 Thread 0x000001f96ee497a0 Exception <a 'java/lang/NoSuchMethodError'{0x00000000d5a75620}: 'int java.lang.invoke.DirectMethodHandle$Holder.invokeSpecialIFC(java.lang.Object, java.lang.Object, java.lang.Object, java.lang.Object)'> (0x00000000d5a75620) 
thrown [s\src\hotspot\share\interpreter\linkResolver.cpp, line 773]
Event: 16.489 Thread 0x000001f9769ad6d0 Exception <a 'java/lang/IncompatibleClassChangeError'{0x00000000d5b64420}: Found class java.lang.Object, but interface was expected> (0x00000000d5b64420) 
thrown [s\src\hotspot\share\interpreter\linkResolver.cpp, line 840]
Event: 16.728 Thread 0x000001f96ee497a0 Exception <a 'java/io/FileNotFoundException'{0x00000000d5e1a200}> (0x00000000d5e1a200) 
thrown [s\src\hotspot\share\prims\jni.cpp, line 520]
Event: 16.729 Thread 0x000001f96ee497a0 Exception <a 'java/io/FileNotFoundException'{0x00000000d5e1b1e8}> (0x00000000d5e1b1e8) 
thrown [s\src\hotspot\share\prims\jni.cpp, line 520]
Event: 16.729 Thread 0x000001f96ee497a0 Exception <a 'java/io/FileNotFoundException'{0x00000000d5e1c978}> (0x00000000d5e1c978) 
thrown [s\src\hotspot\share\prims\jni.cpp, line 520]
Event: 16.729 Thread 0x000001f96ee497a0 Exception <a 'java/io/FileNotFoundException'{0x00000000d5e1dc20}> (0x00000000d5e1dc20) 
thrown [s\src\hotspot\share\prims\jni.cpp, line 520]
Event: 16.729 Thread 0x000001f96ee497a0 Exception <a 'java/io/FileNotFoundException'{0x00000000d5e1ec28}> (0x00000000d5e1ec28) 
thrown [s\src\hotspot\share\prims\jni.cpp, line 520]

ZGC Phase Switch (0 events):
No events

VM Operations (20 events):
Event: 14.564 Executing VM operation: ParallelGCFailedAllocation (Allocation Failure) done
Event: 14.850 Executing VM operation: HandshakeAllThreads (Deoptimize)
Event: 14.850 Executing VM operation: HandshakeAllThreads (Deoptimize) done
Event: 15.266 Executing VM operation: ICBufferFull
Event: 15.266 Executing VM operation: ICBufferFull done
Event: 15.354 Executing VM operation: ParallelGCFailedAllocation (Allocation Failure)
Event: 15.360 Executing VM operation: ParallelGCFailedAllocation (Allocation Failure) done
Event: 16.274 Executing VM operation: HandshakeAllThreads (Deoptimize)
Event: 16.274 Executing VM operation: HandshakeAllThreads (Deoptimize) done
Event: 16.345 Executing VM operation: ParallelGCFailedAllocation (Allocation Failure)
Event: 16.350 Executing VM operation: ParallelGCFailedAllocation (Allocation Failure) done
Event: 16.544 Executing VM operation: HandshakeAllThreads (Deoptimize)
Event: 16.707 Executing VM operation: HandshakeAllThreads (Deoptimize) done
Event: 16.999 Executing VM operation: ParallelGCFailedAllocation (Allocation Failure)
Event: 17.007 Executing VM operation: ParallelGCFailedAllocation (Allocation Failure) done
Event: 17.365 Executing VM operation: ParallelGCFailedAllocation (Allocation Failure)
Event: 17.379 Executing VM operation: ParallelGCFailedAllocation (Allocation Failure) done
Event: 17.772 Executing VM operation: ParallelGCFailedAllocation (Allocation Failure)
Event: 17.788 Executing VM operation: ParallelGCFailedAllocation (Allocation Failure) done
Event: 17.993 Executing VM operation: ParallelGCFailedAllocation (Allocation Failure)

Memory protections (0 events):
No events

Nmethod flushes (20 events):
Event: 13.350 Thread 0x000001f91646aed0 flushing  nmethod 0x000001f919c23110
Event: 13.350 Thread 0x000001f91646aed0 flushing  nmethod 0x000001f919c25390
Event: 13.350 Thread 0x000001f91646aed0 flushing  nmethod 0x000001f919c25b90
Event: 13.350 Thread 0x000001f91646aed0 flushing  nmethod 0x000001f919c26310
Event: 13.350 Thread 0x000001f91646aed0 flushing  nmethod 0x000001f919c27c90
Event: 13.350 Thread 0x000001f91646aed0 flushing  nmethod 0x000001f919c28590
Event: 13.350 Thread 0x000001f91646aed0 flushing  nmethod 0x000001f919c29a90
Event: 13.350 Thread 0x000001f91646aed0 flushing  nmethod 0x000001f919c29f10
Event: 13.350 Thread 0x000001f91646aed0 flushing  nmethod 0x000001f919c2a990
Event: 13.350 Thread 0x000001f91646aed0 flushing  nmethod 0x000001f919c2b290
Event: 13.350 Thread 0x000001f91646aed0 flushing  nmethod 0x000001f919c2c210
Event: 13.350 Thread 0x000001f91646aed0 flushing  nmethod 0x000001f919c2c510
Event: 13.350 Thread 0x000001f91646aed0 flushing  nmethod 0x000001f919c55b10
Event: 13.350 Thread 0x000001f91646aed0 flushing  nmethod 0x000001f919c70a10
Event: 13.350 Thread 0x000001f91646aed0 flushing  nmethod 0x000001f919c76310
Event: 13.350 Thread 0x000001f91646aed0 flushing  nmethod 0x000001f919c7cd10
Event: 13.350 Thread 0x000001f91646aed0 flushing  nmethod 0x000001f919ccd890
Event: 13.350 Thread 0x000001f91646aed0 flushing  nmethod 0x000001f919cfa490
Event: 13.350 Thread 0x000001f91646aed0 flushing  nmethod 0x000001f919d0dc90
Event: 13.350 Thread 0x000001f91646aed0 flushing  nmethod 0x000001f919d2b490

Events (20 events):
Event: 9.352 Thread 0x000001f973dd9e90 Thread exited: 0x000001f973dd9e90
Event: 9.957 Thread 0x000001f96ee483f0 Thread added: 0x000001f96ee49e30
Event: 10.139 Thread 0x000001f96ee49e30 Thread added: 0x000001f96ee497a0
Event: 10.229 Thread 0x000001f92cdd0c70 Thread added: 0x000001f973a40af0
Event: 11.217 Thread 0x000001f97365a610 Thread added: 0x000001f96ee48a80
Event: 13.138 Thread 0x000001f96ee497a0 Thread added: 0x000001f96ee4ab50
Event: 13.388 Thread 0x000001f96ee4ab50 Thread added: 0x000001f9769add60
Event: 13.504 Thread 0x000001f9163ab460 Thread added: 0x000001f9769ac9b0
Event: 13.504 Thread 0x000001f9163ab460 Thread added: 0x000001f9769ae3f0
Event: 13.505 Thread 0x000001f9163ab460 Thread added: 0x000001f9769ac320
Event: 13.505 Thread 0x000001f9163ab460 Thread added: 0x000001f9769aaf70
Event: 13.505 Thread 0x000001f9163ab460 Thread added: 0x000001f9769aea80
Event: 13.535 Thread 0x000001f9163ab460 Thread added: 0x000001f9769ab600
Event: 13.946 Thread 0x000001f9163ab460 Thread added: 0x000001f9769af110
Event: 13.946 Thread 0x000001f9163ab460 Thread added: 0x000001f9769ad6d0
Event: 14.067 Thread 0x000001f9738f1ad0 Thread exited: 0x000001f9738f1ad0
Event: 16.255 Thread 0x000001f973a40af0 Thread exited: 0x000001f973a40af0
Event: 17.043 Thread 0x000001f96ee497a0 Thread added: 0x000001f9769b2590
Event: 17.043 Thread 0x000001f96ee497a0 Thread added: 0x000001f9769af7a0
Event: 17.384 Thread 0x000001f92cdd0c70 Thread added: 0x000001f9772de330


Dynamic libraries:
0x00007ff737de0000 - 0x00007ff737dee000 	c:\Users\PC\.vscode\extensions\redhat.java-1.43.1-win32-x64\jre\21.0.7-win32-x86_64\bin\java.exe
0x00007ff90dfc0000 - 0x00007ff90e228000 	C:\WINDOWS\SYSTEM32\ntdll.dll
0x00007ff90beb0000 - 0x00007ff90bf79000 	C:\WINDOWS\System32\KERNEL32.DLL
0x00007ff90b3c0000 - 0x00007ff90b7ad000 	C:\WINDOWS\System32\KERNELBASE.dll
0x00007ff90b110000 - 0x00007ff90b25b000 	C:\WINDOWS\System32\ucrtbase.dll
0x00007ff8fb690000 - 0x00007ff8fb6a8000 	c:\Users\PC\.vscode\extensions\redhat.java-1.43.1-win32-x64\jre\21.0.7-win32-x86_64\bin\jli.dll
0x00007ff90bf90000 - 0x00007ff90c15c000 	C:\WINDOWS\System32\USER32.dll
0x00007ff90b7b0000 - 0x00007ff90b7d7000 	C:\WINDOWS\System32\win32u.dll
0x00007ff90d5f0000 - 0x00007ff90d61b000 	C:\WINDOWS\System32\GDI32.dll
0x00007ff90bb70000 - 0x00007ff90bca7000 	C:\WINDOWS\System32\gdi32full.dll
0x00007ff90bcb0000 - 0x00007ff90bd53000 	C:\WINDOWS\System32\msvcp_win.dll
0x00007ff8fb320000 - 0x00007ff8fb33e000 	c:\Users\PC\.vscode\extensions\redhat.java-1.43.1-win32-x64\jre\21.0.7-win32-x86_64\bin\VCRUNTIME140.dll
0x00007ff8f54c0000 - 0x00007ff8f575a000 	C:\WINDOWS\WinSxS\amd64_microsoft.windows.common-controls_6595b64144ccf1df_6.0.26100.4484_none_3e0e6d4ce32ef3b3\COMCTL32.dll
0x00007ff90d870000 - 0x00007ff90d919000 	C:\WINDOWS\System32\msvcrt.dll
0x00007ff90bd60000 - 0x00007ff90bd8f000 	C:\WINDOWS\System32\IMM32.DLL
0x00007ff904a10000 - 0x00007ff904a1c000 	c:\Users\PC\.vscode\extensions\redhat.java-1.43.1-win32-x64\jre\21.0.7-win32-x86_64\bin\vcruntime140_1.dll
0x00007ff8cdd00000 - 0x00007ff8cdd8d000 	c:\Users\PC\.vscode\extensions\redhat.java-1.43.1-win32-x64\jre\21.0.7-win32-x86_64\bin\msvcp140.dll
0x00007ff891ff0000 - 0x00007ff892d80000 	c:\Users\PC\.vscode\extensions\redhat.java-1.43.1-win32-x64\jre\21.0.7-win32-x86_64\bin\server\jvm.dll
0x00007ff90bda0000 - 0x00007ff90be54000 	C:\WINDOWS\System32\ADVAPI32.dll
0x00007ff90dd80000 - 0x00007ff90de26000 	C:\WINDOWS\System32\sechost.dll
0x00007ff90de30000 - 0x00007ff90df48000 	C:\WINDOWS\System32\RPCRT4.dll
0x00007ff90dbf0000 - 0x00007ff90dc64000 	C:\WINDOWS\System32\WS2_32.dll
0x00007ff90af60000 - 0x00007ff90afbe000 	C:\WINDOWS\SYSTEM32\POWRPROF.dll
0x00007ff8f5970000 - 0x00007ff8f59a5000 	C:\WINDOWS\SYSTEM32\WINMM.dll
0x00007ff8fcd70000 - 0x00007ff8fcd7b000 	C:\WINDOWS\SYSTEM32\VERSION.dll
0x00007ff90af40000 - 0x00007ff90af54000 	C:\WINDOWS\SYSTEM32\UMPDC.dll
0x00007ff909eb0000 - 0x00007ff909ecb000 	C:\WINDOWS\SYSTEM32\kernel.appcore.dll
0x00007ff8fcc20000 - 0x00007ff8fcc2a000 	c:\Users\PC\.vscode\extensions\redhat.java-1.43.1-win32-x64\jre\21.0.7-win32-x86_64\bin\jimage.dll
0x00007ff905b50000 - 0x00007ff905d91000 	C:\WINDOWS\SYSTEM32\DBGHELP.DLL
0x00007ff90c2f0000 - 0x00007ff90c676000 	C:\WINDOWS\System32\combase.dll
0x00007ff90c680000 - 0x00007ff90c760000 	C:\WINDOWS\System32\OLEAUT32.dll
0x00007ff8e3180000 - 0x00007ff8e31c3000 	C:\WINDOWS\SYSTEM32\dbgcore.DLL
0x00007ff90b320000 - 0x00007ff90b3b9000 	C:\WINDOWS\System32\bcryptPrimitives.dll
0x00007ff8fb2d0000 - 0x00007ff8fb2df000 	c:\Users\PC\.vscode\extensions\redhat.java-1.43.1-win32-x64\jre\21.0.7-win32-x86_64\bin\instrument.dll
0x00007ff8fb190000 - 0x00007ff8fb1af000 	c:\Users\PC\.vscode\extensions\redhat.java-1.43.1-win32-x64\jre\21.0.7-win32-x86_64\bin\java.dll
0x00007ff90ca10000 - 0x00007ff90d15a000 	C:\WINDOWS\System32\SHELL32.dll
0x00007ff90b960000 - 0x00007ff90bad4000 	C:\WINDOWS\System32\wintypes.dll
0x00007ff908d40000 - 0x00007ff90959b000 	C:\WINDOWS\SYSTEM32\windows.storage.dll
0x00007ff90dc70000 - 0x00007ff90dd65000 	C:\WINDOWS\System32\SHCORE.dll
0x00007ff90c7f0000 - 0x00007ff90c85a000 	C:\WINDOWS\System32\shlwapi.dll
0x00007ff90b020000 - 0x00007ff90b04f000 	C:\WINDOWS\SYSTEM32\profapi.dll
0x00007ff8edaf0000 - 0x00007ff8edb08000 	c:\Users\PC\.vscode\extensions\redhat.java-1.43.1-win32-x64\jre\21.0.7-win32-x86_64\bin\zip.dll
0x00007ff8fb140000 - 0x00007ff8fb150000 	C:\Users\PC\.vscode\extensions\redhat.java-1.43.1-win32-x64\jre\21.0.7-win32-x86_64\bin\net.dll
0x00007ff8fde50000 - 0x00007ff8fdf6e000 	C:\WINDOWS\SYSTEM32\WINHTTP.dll
0x00007ff90a440000 - 0x00007ff90a4aa000 	C:\WINDOWS\system32\mswsock.dll
0x00007ff8e54a0000 - 0x00007ff8e54b6000 	C:\Users\PC\.vscode\extensions\redhat.java-1.43.1-win32-x64\jre\21.0.7-win32-x86_64\bin\nio.dll
0x00007ff8fb100000 - 0x00007ff8fb110000 	c:\Users\PC\.vscode\extensions\redhat.java-1.43.1-win32-x64\jre\21.0.7-win32-x86_64\bin\verify.dll
0x00007ff8cc900000 - 0x00007ff8cc945000 	C:\Users\PC\AppData\Roaming\Code\User\globalStorage\redhat.java\1.43.1\config_win\org.eclipse.equinox.launcher\org.eclipse.equinox.launcher.win32.win32.x86_64_1.2.1300.v20250331-1702\eclipse_11911.dll
0x00007ff90d620000 - 0x00007ff90d7be000 	C:\WINDOWS\System32\ole32.dll
0x00007ff90a6f0000 - 0x00007ff90a70b000 	C:\WINDOWS\SYSTEM32\CRYPTSP.dll
0x00007ff909df0000 - 0x00007ff909e2b000 	C:\WINDOWS\system32\rsaenh.dll
0x00007ff90a4e0000 - 0x00007ff90a50b000 	C:\WINDOWS\SYSTEM32\USERENV.dll
0x00007ff90aff0000 - 0x00007ff90b016000 	C:\WINDOWS\SYSTEM32\bcrypt.dll
0x00007ff90a710000 - 0x00007ff90a71c000 	C:\WINDOWS\SYSTEM32\CRYPTBASE.dll
0x00007ff9098e0000 - 0x00007ff909913000 	C:\WINDOWS\SYSTEM32\IPHLPAPI.DLL
0x00007ff90dd70000 - 0x00007ff90dd7a000 	C:\WINDOWS\System32\NSI.dll
0x00007ff8b6b30000 - 0x00007ff8b6b79000 	C:\Users\PC\AppData\Local\Temp\jna-2547\jna9885737578421915800.dll
0x00007ff90dbe0000 - 0x00007ff90dbe8000 	C:\WINDOWS\System32\PSAPI.DLL
0x00007ff8fde20000 - 0x00007ff8fde3f000 	C:\WINDOWS\SYSTEM32\dhcpcsvc6.DLL
0x00007ff8fddf0000 - 0x00007ff8fde15000 	C:\WINDOWS\SYSTEM32\dhcpcsvc.DLL

dbghelp: loaded successfully - version: 4.0.5 - missing functions: none
symbol engine: initialized successfully - sym options: 0x614 - pdb path: .;c:\Users\PC\.vscode\extensions\redhat.java-1.43.1-win32-x64\jre\21.0.7-win32-x86_64\bin;C:\WINDOWS\SYSTEM32;C:\WINDOWS\WinSxS\amd64_microsoft.windows.common-controls_6595b64144ccf1df_6.0.26100.4484_none_3e0e6d4ce32ef3b3;c:\Users\PC\.vscode\extensions\redhat.java-1.43.1-win32-x64\jre\21.0.7-win32-x86_64\bin\server;C:\Users\PC\AppData\Roaming\Code\User\globalStorage\redhat.java\1.43.1\config_win\org.eclipse.equinox.launcher\org.eclipse.equinox.launcher.win32.win32.x86_64_1.2.1300.v20250331-1702;C:\Users\PC\AppData\Local\Temp\jna-2547

VM Arguments:
jvm_args: --add-modules=ALL-SYSTEM --add-opens=java.base/java.util=ALL-UNNAMED --add-opens=java.base/java.lang=ALL-UNNAMED --add-opens=java.base/sun.nio.fs=ALL-UNNAMED -Declipse.application=org.eclipse.jdt.ls.core.id1 -Dosgi.bundles.defaultStartLevel=4 -Declipse.product=org.eclipse.jdt.ls.core.product -Djava.import.generatesMetadataFilesAtProjectRoot=false -DDetectVMInstallationsJob.disabled=true -Dfile.encoding=utf8 -XX:+UseParallelGC -XX:GCTimeRatio=4 -XX:AdaptiveSizePolicyWeight=90 -Dsun.zip.disableMemoryMapping=true -Xmx2G -Xms100m -Xlog:disable -javaagent:c:\Users\PC\.vscode\extensions\redhat.java-1.43.1-win32-x64\lombok\lombok-1.18.39-4050.jar -XX:+HeapDumpOnOutOfMemoryError -XX:HeapDumpPath=c:\Users\PC\AppData\Roaming\Code\User\workspaceStorage\ac67a0d5f12a4040fcfea733fba4fe07\redhat.java -Daether.dependencyCollector.impl=bf 
java_command: c:\Users\PC\.vscode\extensions\redhat.java-1.43.1-win32-x64\server\plugins\org.eclipse.equinox.launcher_1.7.0.v20250519-0528.jar -configuration c:\Users\PC\AppData\Roaming\Code\User\globalStorage\redhat.java\1.43.1\config_win -data c:\Users\PC\AppData\Roaming\Code\User\workspaceStorage\ac67a0d5f12a4040fcfea733fba4fe07\redhat.java\jdt_ws --pipe=\\.\pipe\lsp-36eca96b5106c02cf3b2f2580bd779dd-sock
java_class_path (initial): c:\Users\PC\.vscode\extensions\redhat.java-1.43.1-win32-x64\server\plugins\org.eclipse.equinox.launcher_1.7.0.v20250519-0528.jar
Launcher Type: SUN_STANDARD

[Global flags]
    uintx AdaptiveSizePolicyWeight                 = 90                                        {product} {command line}
     intx CICompilerCount                          = 3                                         {product} {ergonomic}
    uintx GCTimeRatio                              = 4                                         {product} {command line}
     bool HeapDumpOnOutOfMemoryError               = true                                   {manageable} {command line}
    ccstr HeapDumpPath                             = c:\Users\PC\AppData\Roaming\Code\User\workspaceStorage\ac67a0d5f12a4040fcfea733fba4fe07\redhat.java         {manageable} {command line}
   size_t InitialHeapSize                          = 104857600                                 {product} {command line}
   size_t MaxHeapSize                              = 2147483648                                {product} {command line}
   size_t MaxNewSize                               = 715653120                                 {product} {ergonomic}
   size_t MinHeapDeltaBytes                        = 524288                                    {product} {ergonomic}
   size_t MinHeapSize                              = 104857600                                 {product} {command line}
   size_t NewSize                                  = 34603008                                  {product} {ergonomic}
    uintx NonNMethodCodeHeapSize                   = 5832780                                {pd product} {ergonomic}
    uintx NonProfiledCodeHeapSize                  = 122912730                              {pd product} {ergonomic}
   size_t OldSize                                  = 70254592                                  {product} {ergonomic}
    uintx ProfiledCodeHeapSize                     = 122912730                              {pd product} {ergonomic}
    uintx ReservedCodeCacheSize                    = 251658240                              {pd product} {ergonomic}
     bool SegmentedCodeCache                       = true                                      {product} {ergonomic}
   size_t SoftMaxHeapSize                          = 2147483648                             {manageable} {ergonomic}
     bool UseCompressedOops                        = true                           {product lp64_product} {ergonomic}
     bool UseLargePagesIndividualAllocation        = false                                  {pd product} {ergonomic}
     bool UseParallelGC                            = true                                      {product} {command line}

Logging:
Log output configuration:
 #0: stdout all=off uptime,level,tags foldmultilines=false
 #1: stderr all=off uptime,level,tags foldmultilines=false

Environment Variables:
PATH=C:\Program Files (x86)\VMware\VMware Workstation\bin\;C:\Program Files (x86)\Common Files\Oracle\Java\java8path;C:\Program Files (x86)\Common Files\Oracle\Java\javapath;C:\ProgramData\Oracle\Java\javapath;C:\WINDOWS\system32;C:\WINDOWS;C:\WINDOWS\System32\Wbem;C:\WINDOWS\System32\WindowsPowerShell\v1.0\;C:\WINDOWS\System32\OpenSSH\;C:\cygwin64\bin;D:\PRO192\Git\cmd;C:\Users\PC\AppData\Local\Programs\Python\Launcher\;C:\Users\PC\AppData\Local\Microsoft\WindowsApps;C:\Users\PC\AppData\Local\Programs\Microsoft VS Code\bin;
USERNAME=PC
OS=Windows_NT
PROCESSOR_IDENTIFIER=Intel64 Family 6 Model 142 Stepping 12, GenuineIntel
TMP=C:\Users\PC\AppData\Local\Temp
TEMP=C:\Users\PC\AppData\Local\Temp




Periodic native trim disabled

---------------  S Y S T E M  ---------------

OS:
 Windows 11 , 64 bit Build 26100 (10.0.26100.4484)
OS uptime: 0 days 16:02 hours
Hyper-V role detected

CPU: total 4 (initial active 4) (2 cores per cpu, 2 threads per core) family 6 model 142 stepping 12 microcode 0xea, cx8, cmov, fxsr, ht, mmx, 3dnowpref, sse, sse2, sse3, ssse3, sse4.1, sse4.2, popcnt, lzcnt, tsc, tscinvbit, avx, avx2, aes, erms, clmul, bmi1, bmi2, adx, fma, vzeroupper, clflush, clflushopt, hv, rdtscp, f16c
Processor Information for the first 4 processors :
  Max Mhz: 2592, Current Mhz: 2093, Mhz Limit: 2073

Memory: 4k page, system-wide physical 8026M (544M free)
TotalPageFile size 12732M (AvailPageFile size 5M)
current process WorkingSet (physical memory assigned to process): 212M, peak: 222M
current process commit charge ("private bytes"): 313M, peak: 332M

vm_info: OpenJDK 64-Bit Server VM (21.0.7+6-LTS) for windows-amd64 JRE (21.0.7+6-LTS), built on 2025-04-15T00:00:00Z by "admin" with MS VC++ 17.7 (VS2022)

END.
